HMMER3/f [3.3 | Nov 2019]
NAME  kari_class_1_swissprot_c1_domains
LENG  146
ALPH  amino
RF    no
MM    no
CONS  yes
CS    no
MAP   yes
DATE  Tue Oct 18 22:34:30 2022
NSEQ  527
EFFN  1.234352
CKSUM 4058501498
STATS LOCAL MSV      -10.0767  0.70985
STATS LOCAL VITERBI  -10.6991  0.70985
STATS LOCAL FORWARD   -4.4691  0.70985
HMM          A        C        D        E        F        G        H        I        K        L        M        N        P        Q        R        S        T        V        W        Y   
            m->m     m->i     m->d     i->m     i->i     d->m     d->d
  COMPO   2.52901  4.38926  3.02191  2.38599  3.26154  2.70566  3.77932  2.86957  2.66445  2.46248  3.49135  3.13549  3.73907  3.05773  3.01140  2.75360  2.80457  2.68538  4.81268  3.40872
          2.68618  4.42225  2.77519  2.73123  3.46354  2.40513  3.72494  3.29354  2.67741  2.69355  4.24690  2.90347  2.73739  3.18146  2.89801  2.37887  2.77519  2.98518  4.58477  3.61503
          0.02016  4.31005  5.03240  0.61958  0.77255  0.00000        *
      1   2.48957  4.54112  3.21825  2.89679  4.33814  3.25201  4.08719  3.74947  2.97891  3.40369  4.23166  2.65976  3.89197  3.29983  3.37209  2.08657  1.26558  3.30860  5.64856  4.37316      1 t - - -
          2.68618  4.42225  2.77519  2.73123  3.46354  2.40513  3.72494  3.29354  2.67741  2.69355  4.24690  2.90347  2.73739  3.18146  2.89801  2.37887  2.77519  2.98518  4.58477  3.61503
          0.02016  4.31005  5.03240  0.61958  0.77255  0.48576  0.95510
      2   3.69501  4.97639  4.85981  4.50413  0.73269  4.56782  3.86348  3.02314  4.32079  2.36480  3.60636  4.34852  4.86992  4.34229  4.36642  3.94069  3.92960  3.10331  4.01660  2.24350      2 f - - -
          2.68618  4.42225  2.77519  2.73123  3.46354  2.40513  3.72494  3.29354  2.67741  2.69355  4.24690  2.90347  2.73739  3.18146  2.89801  2.37887  2.77519  2.98518  4.58477  3.61503
          0.02016  4.31005  5.03240  0.61958  0.77255  0.48576  0.95510
      3   2.61497  5.17676  3.07694  2.16888  4.53646  3.53936  3.65779  3.96729  1.57699  3.45003  4.23340  3.02232  3.92610  2.71673  2.11452  2.77729  2.84033  3.52482  5.56846  4.24048      3 k - - -
          2.68618  4.42225  2.77519  2.73123  3.46354  2.40513  3.72494  3.29354  2.67741  2.69355  4.24690  2.90347  2.73739  3.18146  2.89801  2.37887  2.77519  2.98518  4.58477  3.61503
          0.02016  4.31005  5.03240  0.61958  0.77255  0.48576  0.95510
      4   2.77813  5.34403  2.31759  1.28974  4.65889  3.41473  3.73653  4.08922  2.36237  3.63251  4.41173  2.83523  3.90284  2.78500  2.94131  2.77522  3.04630  3.72190  5.77869  4.34921      4 e - - -
          2.68618  4.42225  2.77519  2.73123  3.46354  2.40513  3.72494  3.29354  2.67741  2.69355  4.24690  2.90347  2.73739  3.18146  2.89801  2.37887  2.77519  2.98518  4.58477  3.61503
          0.02016  4.31005  5.03240  0.61958  0.77255  0.48576  0.95510
      5   3.41701  5.54844  2.77610  0.53270  4.96353  3.62191  4.27822  4.51310  3.22291  4.06715  5.04723  3.28657  4.25461  3.50055  3.66065  3.36746  3.73264  4.15986  6.04754  4.80369      5 E - - -
          2.68618  4.42225  2.77519  2.73123  3.46354  2.40513  3.72494  3.29354  2.67741  2.69355  4.24690  2.90347  2.73739  3.18146  2.89801  2.37887  2.77519  2.98518  4.58477  3.61503
          0.02016  4.31005  5.03240  0.61958  0.77255  0.48576  0.95510
      6   2.28305  3.04692  4.08545  3.59756  3.79040  3.39783  4.35201  2.81629  3.50352  2.79864  3.74461  3.70835  4.02577  3.76599  3.74769  2.79328  1.28742  2.16208  5.29416  4.10114      6 t - - -
          2.68618  4.42225  2.77519  2.73123  3.46354  2.40513  3.72494  3.29354  2.67741  2.69355  4.24690  2.90347  2.73739  3.18146  2.89801  2.37887  2.77519  2.98518  4.58477  3.61503
          0.02016  4.31005  5.03240  0.61958  0.77255  0.48576  0.95510
      7   2.67646  4.81648  3.06545  1.49458  3.75532  3.50164  3.71071  3.30081  2.52500  2.82310  3.88894  2.96220  3.89865  2.88226  2.97149  2.72539  2.87561  3.08572  5.29317  3.66953      7 e - - -
          2.68618  4.42225  2.77519  2.73123  3.46354  2.40513  3.72494  3.29354  2.67741  2.69355  4.24690  2.90347  2.73739  3.18146  2.89801  2.37887  2.77519  2.98518  4.58477  3.61503
          0.02016  4.31005  5.03240  0.61958  0.77255  0.48576  0.95510
      8   2.64119  4.60973  3.21028  2.56745  3.97302  3.44586  3.88526  3.31585  2.74271  2.73886  3.88157  3.20157  3.93850  3.10470  3.13528  2.34466  1.47456  3.01760  5.32650  4.04803      8 t - - -
          2.68618  4.42225  2.77519  2.73123  3.46354  2.40513  3.72494  3.29354  2.67741  2.69355  4.24690  2.90347  2.73739  3.18146  2.89801  2.37887  2.77519  2.98518  4.58477  3.61503
          0.02016  4.31005  5.03240  0.61958  0.77255  0.48576  0.95510
      9   3.53115  5.65689  0.45111  2.72266  5.10941  3.60796  4.40602  4.81287  3.58519  4.34795  5.35733  3.29353  4.29198  3.66041  4.14488  3.45820  3.88579  4.41128  6.18248  4.93770      9 D - - -
          2.68618  4.42225  2.77519  2.73123  3.46354  2.40513  3.72494  3.29354  2.67741  2.69355  4.24690  2.90347  2.73739  3.18146  2.89801  2.37887  2.77519  2.98518  4.58477  3.61503
          0.02016  4.31005  5.03240  0.61958  0.77255  0.48576  0.95510
     10   3.53175  4.88782  4.88964  4.39257  3.05191  4.56089  4.68453  2.58278  4.09358  0.59825  3.13738  4.58962  4.82730  4.32887  4.20331  4.00188  3.76484  2.75242  4.33612  3.63664     10 L - - -
          2.68618  4.42225  2.77519  2.73123  3.46354  2.40513  3.72494  3.29354  2.67741  2.69355  4.24690  2.90347  2.73739  3.18146  2.89801  2.37887  2.77519  2.98518  4.58477  3.61503
          0.02016  4.31005  5.03240  0.61958  0.77255  0.48576  0.95510
     11   2.93797  4.35463  4.45932  3.89158  1.34665  4.05801  4.20633  2.38852  3.75281  2.01980  2.84617  4.04538  4.38643  3.92139  3.88961  3.36308  3.01703  2.37702  4.66965  3.03772     11 f - - -
          2.68618  4.42225  2.77519  2.73123  3.46354  2.40513  3.72494  3.29354  2.67741  2.69355  4.24690  2.90347  2.73739  3.18146  2.89801  2.37887  2.77519  2.98518  4.58477  3.61503
          0.02016  4.31005  5.03240  0.61958  0.77255  0.48576  0.95510
     12   2.50080  4.44543  3.48671  3.39488  4.74337  0.73065  4.59090  4.27274  3.64234  3.94766  4.78038  3.54606  3.94109  3.89652  3.92174  2.30475  3.02790  3.61175  6.04773  4.84434     12 g - - -
          2.68618  4.42225  2.77519  2.73123  3.46354  2.40513  3.72494  3.29354  2.67741  2.69355  4.24690  2.90347  2.73739  3.18146  2.89801  2.37887  2.77519  2.98518  4.58477  3.61503
          0.02016  4.31005  5.03240  0.61958  0.77255  0.48576  0.95510
     13   3.41701  5.54844  2.77610  0.53270  4.96353  3.62191  4.27822  4.51310  3.22291  4.06715  5.04723  3.28657  4.25461  3.50055  3.66065  3.36746  3.73264  4.15986  6.04754  4.80369     13 E - - -
          2.68618  4.42225  2.77519  2.73123  3.46354  2.40513  3.72494  3.29354  2.67741  2.69355  4.24690  2.90347  2.73739  3.18146  2.89801  2.37887  2.77519  2.98518  4.58477  3.61503
          0.02016  4.31005  5.03240  0.61958  0.77255  0.48576  0.95510
     14   3.01050  5.23627  3.21141  2.69781  4.51338  3.66077  3.18174  4.01166  2.18396  3.48727  4.32871  3.16941  4.06333  1.26628  2.20587  2.99675  3.21080  3.67000  5.54420  4.25499     14 q - - -
          2.68618  4.42225  2.77519  2.73123  3.46354  2.40513  3.72494  3.29354  2.67741  2.69355  4.24690  2.90347  2.73739  3.18146  2.89801  2.37887  2.77519  2.98518  4.58477  3.61503
          0.02016  4.31005  5.03240  0.61958  0.77255  0.48576  0.95510
     15   1.52743  4.24284  3.42541  2.94972  3.74960  2.93843  3.94367  3.05296  2.91302  2.77367  3.66487  3.21885  3.93722  3.22530  3.28593  2.69799  2.53317  2.41687  5.16110  3.91750     15 a - - -
          2.68620  4.42227  2.77522  2.73125  3.46356  2.40515  3.72497  3.29356  2.67743  2.69357  4.24692  2.90349  2.73729  3.18149  2.89803  2.37889  2.77522  2.98505  4.58400  3.61505
          0.06098  2.94435  5.03240  0.81107  0.58767  0.48576  0.95510
     16   2.87883  3.50035  3.73836  3.85883  3.55402  4.05538  4.50088  1.89659  3.76039  2.41444  3.47515  4.07901  4.43557  4.00974  3.97139  3.38057  3.13675  1.04809  5.19364  3.98502     19 v - - -
          2.68618  4.42225  2.77519  2.73123  3.46354  2.40513  3.72494  3.29354  2.67741  2.69355  4.24690  2.90347  2.73739  3.18146  2.89801  2.37887  2.77519  2.98518  4.58477  3.61503
          0.02016  4.31005  5.03240  0.61958  0.77255  0.48576  0.95510
     17   3.68854  5.03335  4.89320  4.55652  3.36714  4.53459  5.07939  2.61352  4.32272  0.47739  3.29040  4.79199  4.90813  4.58142  4.41812  4.19241  3.96982  2.76035  5.38103  4.19849     20 L - - -
          2.68618  4.42225  2.77519  2.73123  3.46354  2.40513  3.72494  3.29354  2.67741  2.69355  4.24690  2.90347  2.73739  3.18146  2.89801  2.37887  2.77519  2.98518  4.58477  3.61503
          0.02016  4.31005  5.03240  0.61958  0.77255  0.48576  0.95510
     18   2.83070  1.61447  4.47473  3.90281  2.90913  3.98093  4.36266  2.32332  3.76262  2.09187  2.71434  4.05470  4.34991  3.95538  3.90249  3.30175  3.09017  2.03522  4.93203  3.73487     21 c - - -
          2.68618  4.42225  2.77519  2.73123  3.46354  2.40513  3.72494  3.29354  2.67741  2.69355  4.24690  2.90347  2.73739  3.18146  2.89801  2.37887  2.77519  2.98518  4.58477  3.61503
          0.02016  4.31005  5.03240  0.61958  0.77255  0.48576  0.95510
     19   3.30177  5.01066  4.06262  4.02717  5.11777  0.28984  5.09698  4.84715  4.26632  4.43587  5.43097  4.22927  4.41280  4.55661  4.43247  3.48950  3.81590  4.29034  6.07420  5.24210     22 G - - -
          2.68618  4.42225  2.77519  2.73123  3.46354  2.40513  3.72494  3.29354  2.67741  2.69355  4.24690  2.90347  2.73739  3.18146  2.89801  2.37887  2.77519  2.98518  4.58477  3.61503
          0.02016  4.31005  5.03240  0.61958  0.77255  0.48576  0.95510
     20   2.08379  3.65815  4.04820  3.78807  4.58615  0.79812  4.67672  3.93607  3.75647  3.70573  4.54323  3.68605  3.88214  4.01523  3.97081  2.55948  2.88501  3.34358  5.95255  4.80407     23 g - - -
          2.68618  4.42225  2.77519  2.73123  3.46354  2.40513  3.72494  3.29354  2.67741  2.69355  4.24690  2.90347  2.73739  3.18146  2.89801  2.37887  2.77519  2.98518  4.58477  3.61503
          0.06098  4.31005  3.08507  0.61958  0.77255  0.48576  0.95510
     21   2.41012  4.04621  4.22686  3.64918  3.31411  3.85569  4.20074  2.03665  3.53189  1.72673  3.25598  3.85512  4.22354  3.75754  3.71574  3.01684  2.58207  1.81681  4.87364  3.68069     24 l - - -
          2.68618  4.42225  2.77519  2.73123  3.46354  2.40513  3.72494  3.29354  2.67741  2.69355  4.24690  2.90347  2.73739  3.18146  2.89801  2.37887  2.77519  2.98518  4.58477  3.61503
          0.02099  4.27006  4.99240  0.61958  0.77255  0.53973  0.87444
     22   2.42018  4.26922  3.25855  2.51161  3.70757  3.53204  3.46686  3.04321  2.67216  2.75453  3.29109  3.00719  3.91832  2.99135  3.08536  2.38146  2.32208  2.39587  5.09160  3.82026     25 t - - -
          2.68618  4.42225  2.77519  2.73123  3.46354  2.40513  3.72494  3.29354  2.67741  2.69355  4.24690  2.90347  2.73739  3.18146  2.89801  2.37887  2.77519  2.98518  4.58477  3.61503
          0.02099  4.27006  4.99240  0.61958  0.77255  0.53973  0.87444
     23   2.18209  5.09299  2.79891  1.82669  4.39856  2.99635  3.41691  3.85977  2.33342  3.38120  4.14988  2.85826  3.83356  2.65400  2.86868  2.49725  2.88089  3.46337  5.54926  4.09888     26 e - - -
          2.68618  4.42225  2.77519  2.73123  3.46354  2.40513  3.72494  3.29354  2.67741  2.69355  4.24690  2.90347  2.73739  3.18146  2.89801  2.37887  2.77519  2.98518  4.58477  3.61503
          0.02099  4.27006  4.99240  0.61958  0.77255  0.53973  0.87444
     24   3.37280  4.72083  4.92418  4.35634  3.20650  4.60107  4.91939  2.20882  4.19284  0.76522  2.59584  4.61488  4.80502  4.33153  4.32126  3.94505  3.33052  2.35906  5.26953  4.21244     27 l - - -
          2.68618  4.42225  2.77519  2.73123  3.46354  2.40513  3.72494  3.29354  2.67741  2.69355  4.24690  2.90347  2.73739  3.18146  2.89801  2.37887  2.77519  2.98518  4.58477  3.61503
          0.02099  4.27006  4.99240  0.61958  0.77255  0.45344  1.00907
     25   3.09620  4.22043  4.95487  4.39196  2.98471  4.41194  4.81714  1.27043  4.25816  2.04391  2.69710  4.51558  4.69692  4.41190  4.35117  3.75333  3.33419  1.46049  5.25524  4.09857     28 i - - -
          2.68618  4.42225  2.77519  2.73123  3.46354  2.40513  3.72494  3.29354  2.67741  2.69355  4.24690  2.90347  2.73739  3.18146  2.89801  2.37887  2.77519  2.98518  4.58477  3.61503
          0.02016  4.31005  5.03240  0.61958  0.77255  0.48576  0.95510
     26   2.72197  5.11215  2.98874  2.30163  4.44328  3.49110  3.62156  3.88761  1.63253  3.07403  3.91807  2.90232  3.87733  2.41461  2.42090  2.70200  2.90491  3.44652  5.53423  4.17981     29 k - - -
          2.68618  4.42225  2.77519  2.73123  3.46354  2.40513  3.72494  3.29354  2.67741  2.69355  4.24690  2.90347  2.73739  3.18146  2.89801  2.37887  2.77519  2.98518  4.58477  3.61503
          0.02016  4.31005  5.03240  0.61958  0.77255  0.48576  0.95510
     27   1.62582  4.35809  3.35751  2.79665  3.64814  3.52913  3.81582  3.01740  2.65835  2.67597  3.20544  3.12989  3.95164  3.06888  3.12852  2.67370  2.70299  2.75534  5.05439  3.51736     30 a - - -
          2.68618  4.42225  2.77519  2.73123  3.46354  2.40513  3.72494  3.29354  2.67741  2.69355  4.24690  2.90347  2.73739  3.18146  2.89801  2.37887  2.77519  2.98518  4.58477  3.61503
          0.02016  4.31005  5.03240  0.61958  0.77255  0.48576  0.95510
     28   2.22478  3.43494  3.48272  3.04168  4.16190  1.30721  4.10751  3.55550  3.01433  3.23188  4.07469  3.35090  3.89232  2.75751  3.37563  2.59452  2.88254  3.15474  5.51248  4.26726     31 g - - -
          2.68618  4.42225  2.77519  2.73123  3.46354  2.40513  3.72494  3.29354  2.67741  2.69355  4.24690  2.90347  2.73739  3.18146  2.89801  2.37887  2.77519  2.98518  4.58477  3.61503
          0.02016  4.31005  5.03240  0.61958  0.77255  0.48576  0.95510
     29   4.03045  5.17000  5.00659  4.77672  0.70652  4.70924  3.64867  3.62765  4.59769  2.88739  4.20456  4.36458  5.00219  4.46226  4.54701  4.10291  4.24823  3.58213  3.75679  1.59866     32 f - - -
          2.68618  4.42225  2.77519  2.73123  3.46354  2.40513  3.72494  3.29354  2.67741  2.69355  4.24690  2.90347  2.73739  3.18146  2.89801  2.37887  2.77519  2.98518  4.58477  3.61503
          0.02016  4.31005  5.03240  0.61958  0.77255  0.48576  0.95510
     30   3.03358  5.66480  1.95108  1.07188  4.95301  3.38306  3.87216  4.47779  2.79374  3.94722  4.76903  2.64827  3.97666  2.80839  3.41977  2.93523  3.32544  4.03414  6.09497  4.58886     33 e - - -
          2.68618  4.42225  2.77519  2.73123  3.46354  2.40513  3.72494  3.29354  2.67741  2.69355  4.24690  2.90347  2.73739  3.18146  2.89801  2.37887  2.77519  2.98518  4.58477  3.61503
          0.02016  4.31005  5.03240  0.61958  0.77255  0.48576  0.95510
     31   2.79668  4.39198  4.15728  3.65486  3.72213  3.80253  4.47255  2.20952  3.55071  2.51727  3.62000  3.89813  4.30558  3.85790  3.82032  3.16609  1.42887  1.59816  5.36599  4.14985     34 t - - -
          2.68618  4.42225  2.77519  2.73123  3.46354  2.40513  3.72494  3.29354  2.67741  2.69355  4.24690  2.90347  2.73739  3.18146  2.89801  2.37887  2.77519  2.98518  4.58477  3.61503
          0.02016  4.31005  5.03240  0.61958  0.77255  0.48576  0.95510
     32   2.83018  4.68814  4.69553  4.17191  3.28639  4.38468  4.79748  2.35217  3.97439  0.76769  2.89604  4.42272  4.69493  4.20904  4.13895  3.74843  3.51676  2.40782  5.27779  4.16404     35 l - - -
          2.68618  4.42225  2.77519  2.73123  3.46354  2.40513  3.72494  3.29354  2.67741  2.69355  4.24690  2.90347  2.73739  3.18146  2.89801  2.37887  2.77519  2.98518  4.58477  3.61503
          0.02016  4.31005  5.03240  0.61958  0.77255  0.48576  0.95510
     33   2.72249  4.28683  3.91792  3.35145  3.50486  3.77698  4.13246  2.37026  3.20897  2.45569  3.43482  3.66776  4.17620  3.53686  2.94996  3.07023  2.44826  1.34255  5.03497  3.82250     36 v - - -
          2.68619  4.42226  2.77520  2.73124  3.46355  2.40513  3.72495  3.29355  2.67730  2.69356  4.24690  2.90347  2.73740  3.18147  2.89801  2.37887  2.77520  2.98519  4.58478  3.61504
          0.06098  2.94435  5.03240  0.44688  1.02060  0.48576  0.95510
     34   2.95658  5.51993  2.26523  1.06455  4.82149  3.40270  3.82961  4.31856  2.49340  3.80586  4.61721  2.80866  3.95981  2.94128  3.21597  2.85258  3.21514  3.89540  5.95748  4.49627     38 e - - -
          2.68618  4.42225  2.77519  2.73123  3.46354  2.40513  3.72494  3.29354  2.67741  2.69355  4.24690  2.90347  2.73739  3.18146  2.89801  2.37887  2.77519  2.98518  4.58477  3.61503
          0.02016  4.31005  5.03240  0.61958  0.77255  0.48576  0.95510
     35   1.58319  4.61897  3.21930  2.60069  3.80398  3.47201  3.57645  3.19245  2.61778  2.79700  3.56882  3.05237  3.92596  2.97579  2.88373  2.73891  2.88712  2.92505  5.16207  3.42920     39 a - - -
          2.68618  4.42225  2.77519  2.73123  3.46354  2.40513  3.72494  3.29354  2.67741  2.69355  4.24690  2.90347  2.73739  3.18146  2.89801  2.37887  2.77519  2.98518  4.58477  3.61503
          0.02016  4.31005  5.03240  0.61958  0.77255  0.48576  0.95510
     36   3.08843  4.88391  3.83543  3.77329  4.96742  0.37925  4.90085  4.64285  3.97736  4.25360  5.20613  3.99408  4.29425  4.29434  3.99041  3.26367  3.59587  4.08273  6.03464  5.06603     40 G - - -
          2.68618  4.42225  2.77519  2.73123  3.46354  2.40513  3.72494  3.29354  2.67741  2.69355  4.24690  2.90347  2.73739  3.18146  2.89801  2.37887  2.77519  2.98518  4.58477  3.61503
          0.02016  4.31005  5.03240  0.61958  0.77255  0.48576  0.95510
     37   3.33944  4.86379  4.11729  3.68895  2.38805  4.15176  2.85544  3.41442  3.51314  2.91446  4.00634  3.84747  4.52442  3.78801  3.73360  3.48235  3.57453  2.77148  4.03316  0.92242     41 y - - -
          2.68618  4.42225  2.77519  2.73123  3.46354  2.40513  3.72494  3.29354  2.67741  2.69355  4.24690  2.90347  2.73739  3.18146  2.89801  2.37887  2.77519  2.98518  4.58477  3.61503
          0.02016  4.31005  5.03240  0.61958  0.77255  0.48576  0.95510
     38   2.15983  5.05547  2.81409  2.29347  4.36482  3.43278  3.66394  3.81731  2.42033  3.35424  4.13125  2.93079  3.21528  2.07071  2.89100  2.27423  2.90165  3.43201  5.53488  4.15469     42 q - - -
          2.68618  4.42225  2.77519  2.73123  3.46354  2.40513  3.72494  3.29354  2.67741  2.69355  4.24690  2.90347  2.73739  3.18146  2.89801  2.37887  2.77519  2.98518  4.58477  3.61503
          0.02016  4.31005  5.03240  0.61958  0.77255  0.48576  0.95510
     39   2.75067  4.94013  2.78896  2.37690  4.52705  3.29943  4.01417  3.93383  2.82091  3.56218  4.42872  3.11333  1.12516  3.21219  3.25373  2.87889  3.17671  3.54517  5.77916  4.45582     43 p - - -
          2.68618  4.42225  2.77519  2.73123  3.46354  2.40513  3.72494  3.29354  2.67741  2.69355  4.24690  2.90347  2.73739  3.18146  2.89801  2.37887  2.77519  2.98518  4.58477  3.61503
          0.02016  4.31005  5.03240  0.61958  0.77255  0.48576  0.95510
     40   2.82537  5.32197  2.53599  1.03777  4.70241  3.40861  3.86113  4.16829  2.71153  3.70214  4.53266  2.92800  3.97127  2.94941  3.13548  2.57482  3.21953  3.76665  5.87318  4.45900     44 e - - -
          2.68618  4.42225  2.77519  2.73123  3.46354  2.40513  3.72494  3.29354  2.67741  2.69355  4.24690  2.90347  2.73739  3.18146  2.89801  2.37887  2.77519  2.98518  4.58477  3.61503
          0.02016  4.31005  5.03240  0.61958  0.77255  0.48576  0.95510
     41   2.48958  4.17081  3.98963  2.97251  3.28160  3.74684  4.04414  2.20481  3.30786  1.97976  2.27398  3.56562  4.11570  3.55376  3.53341  2.98092  2.89284  2.11053  4.79651  3.59841     45 l - - -
          2.68618  4.42225  2.77519  2.73123  3.46354  2.40513  3.72494  3.29354  2.67741  2.69355  4.24690  2.90347  2.73739  3.18146  2.89801  2.37887  2.77519  2.98518  4.58477  3.61503
          0.02016  4.31005  5.03240  0.61958  0.77255  0.48576  0.95510
     42   0.53142  4.47568  3.97290  3.81209  4.55368  3.28396  4.77216  3.75073  3.84174  3.60949  4.60887  3.82997  4.06623  4.14388  4.04410  2.83072  3.13963  3.32357  5.93257  4.79293     46 A - - -
          2.68618  4.42225  2.77519  2.73123  3.46354  2.40513  3.72494  3.29354  2.67741  2.69355  4.24690  2.90347  2.73739  3.18146  2.89801  2.37887  2.77519  2.98518  4.58477  3.61503
          0.02016  4.31005  5.03240  0.61958  0.77255  0.48576  0.95510
     43   3.85952  5.07418  4.88889  4.57115  1.83223  4.62475  3.67243  3.47359  4.39669  2.42181  4.07530  4.29559  4.91717  4.34826  4.41381  3.98620  4.07586  3.41639  3.80514  0.74693     47 y - - -
          2.68618  4.42225  2.77519  2.73123  3.46354  2.40513  3.72494  3.29354  2.67741  2.69355  4.24690  2.90347  2.73739  3.18146  2.89801  2.37887  2.77519  2.98518  4.58477  3.61503
          0.02016  4.31005  5.03240  0.61958  0.77255  0.48576  0.95510
     44   3.17495  4.63862  4.24783  3.78122  1.06359  4.11199  3.79916  3.05694  3.66109  2.30733  3.70419  2.99589  4.47082  3.85352  3.85122  3.42757  3.40865  2.91055  4.13468  2.40033     48 f - - -
          2.68618  4.42225  2.77519  2.73123  3.46354  2.40513  3.72494  3.29354  2.67741  2.69355  4.24690  2.90347  2.73739  3.18146  2.89801  2.37887  2.77519  2.98518  4.58477  3.61503
          0.02016  4.31005  5.03240  0.61958  0.77255  0.48576  0.95510
     45   3.41701  5.54844  2.77610  0.53270  4.96353  3.62191  4.27822  4.51310  3.22291  4.06715  5.04723  3.28657  4.25461  3.50055  3.66065  3.36746  3.73264  4.15986  6.04754  4.80369     49 E - - -
          2.68619  4.42226  2.77521  2.73125  3.46329  2.40514  3.72496  3.29355  2.67742  2.69356  4.24691  2.90348  2.73741  3.18148  2.89802  2.37888  2.77521  2.98520  4.58478  3.61474
          0.06098  2.94435  5.03240  0.64546  0.74322  0.48576  0.95510
     46   2.28572  1.77926  4.26562  3.77330  3.67224  3.49293  4.40431  2.61582  3.65728  2.66597  3.63374  3.82905  4.09500  3.89342  3.84863  2.88805  2.19221  1.83997  5.20935  4.02353     52 c - - -
          2.68618  4.42225  2.77519  2.73123  3.46354  2.40513  3.72494  3.29354  2.67741  2.69355  4.24690  2.90347  2.73739  3.18146  2.89801  2.37887  2.77519  2.98518  4.58477  3.61503
          0.02016  4.31005  5.03240  0.61958  0.77255  0.48576  0.95510
     47   2.72604  3.48494  4.38029  3.79011  3.14865  3.87814  4.20666  2.25776  3.64374  1.42094  2.99866  3.93038  4.23411  3.83169  3.76678  2.84594  2.95985  1.94245  4.79261  3.58643     53 l - - -
          2.68618  4.42225  2.77519  2.73123  3.46354  2.40513  3.72494  3.29354  2.67741  2.69355  4.24690  2.90347  2.73739  3.18146  2.89801  2.37887  2.77519  2.98518  4.58477  3.61503
          0.02016  4.31005  5.03240  0.61958  0.77255  0.48576  0.95510
     48   2.89607  5.25424  2.63070  2.15748  4.53086  3.01046  1.53152  4.02096  2.60263  3.55698  4.37831  2.51105  3.95587  2.95067  3.05709  2.85751  3.15081  3.64633  5.71675  4.32016     54 h - - -
          2.68618  4.42225  2.77519  2.73123  3.46354  2.40513  3.72494  3.29354  2.67741  2.69355  4.24690  2.90347  2.73739  3.18146  2.89801  2.37887  2.77519  2.98518  4.58477  3.61503
          0.02016  4.31005  5.03240  0.61958  0.77255  0.48576  0.95510
     49   3.41701  5.54844  2.77610  0.53270  4.96353  3.62191  4.27822  4.51310  3.22291  4.06715  5.04723  3.28657  4.25461  3.50055  3.66065  3.36746  3.73264  4.15986  6.04754  4.80369     55 E - - -
          2.68618  4.42225  2.77519  2.73123  3.46354  2.40513  3.72494  3.29354  2.67741  2.69355  4.24690  2.90347  2.73739  3.18146  2.89801  2.37887  2.77519  2.98518  4.58477  3.61503
          0.02016  4.31005  5.03240  0.61958  0.77255  0.48576  0.95510
     50   2.49629  4.27304  4.45082  3.87368  3.30086  4.05669  4.40375  2.27329  3.74712  1.37017  2.43238  4.07388  4.39324  3.94781  3.90905  3.36496  2.99195  1.86718  4.99662  3.83599     56 l - - -
          2.68619  4.42226  2.77520  2.73124  3.46355  2.40514  3.72495  3.29355  2.67742  2.69356  4.24691  2.90348  2.73741  3.18147  2.89802  2.37888  2.77502  2.98519  4.58478  3.61504
          0.07757  2.68652  5.03240  0.40289  1.10379  0.48576  0.95510
     51   2.80530  5.17344  3.25155  2.70754  4.56862  3.64194  3.73714  3.94131  1.10304  3.44730  4.28967  3.17370  4.04639  2.51922  2.46281  2.96336  3.17353  3.33728  5.57318  4.31805     58 k - - -
          2.68618  4.42225  2.77519  2.73123  3.46354  2.40513  3.72494  3.29354  2.67741  2.69355  4.24690  2.90347  2.73739  3.18146  2.89801  2.37887  2.77519  2.98518  4.58477  3.61503
          0.02016  4.31005  5.03240  0.61958  0.77255  0.48576  0.95510
     52   2.72424  4.34365  3.74764  2.90472  3.41110  3.73110  4.01679  2.66907  3.08212  1.35517  2.99560  3.55252  4.11329  3.40682  3.36957  2.67657  2.96141  2.51656  4.94186  3.72851     59 l - - -
          2.68618  4.42225  2.77519  2.73123  3.46354  2.40513  3.72494  3.29354  2.67741  2.69355  4.24690  2.90347  2.73739  3.18146  2.89801  2.37887  2.77519  2.98518  4.58477  3.61503
          0.02016  4.31005  5.03240  0.61958  0.77255  0.48576  0.95510
     53   3.38955  4.64991  5.20394  4.69374  3.55474  4.81132  5.30981  0.88156  4.55850  1.70224  3.34156  4.90119  5.03190  4.75099  4.69836  4.20709  3.63858  1.76984  5.63582  4.48262     60 i - - -
          2.68618  4.42225  2.77519  2.73123  3.46354  2.40513  3.72494  3.29354  2.67741  2.69355  4.24690  2.90347  2.73739  3.18146  2.89801  2.37887  2.77519  2.98518  4.58477  3.61503
          0.02016  4.31005  5.03240  0.61958  0.77255  0.48576  0.95510
     54   2.46227  4.24399  4.24751  3.67693  3.38178  3.92921  4.27691  2.18788  3.56145  2.31549  3.13252  3.90721  4.29330  3.80413  3.76449  3.22973  2.93929  1.22548  4.96993  3.26612     61 v - - -
          2.68618  4.42225  2.77519  2.73123  3.46354  2.40513  3.72494  3.29354  2.67741  2.69355  4.24690  2.90347  2.73739  3.18146  2.89801  2.37887  2.77519  2.98518  4.58477  3.61503
          0.02016  4.31005  5.03240  0.61958  0.77255  0.48576  0.95510
     55   2.93161  5.35321  1.11795  2.35697  4.71186  3.40856  3.85294  4.20765  2.72895  3.72473  4.54309  2.91818  3.26303  3.00347  2.71307  2.87509  3.20785  3.79437  5.87608  4.45095     62 d - - -
          2.68618  4.42225  2.77519  2.73123  3.46354  2.40513  3.72494  3.29354  2.67741  2.69355  4.24690  2.90347  2.73739  3.18146  2.89801  2.37887  2.77519  2.98518  4.58477  3.61503
          0.02016  4.31005  5.03240  0.61958  0.77255  0.48576  0.95510
     56   3.36627  4.76839  4.55999  4.24423  3.23249  4.49580  4.82970  2.36531  4.02105  0.69077  2.93560  4.50418  4.77328  4.26314  4.17593  3.87032  3.61281  2.42397  5.25014  4.08441     63 L - - -
          2.68618  4.42225  2.77519  2.73123  3.46354  2.40513  3.72494  3.29354  2.67741  2.69355  4.24690  2.90347  2.73739  3.18146  2.89801  2.37887  2.77519  2.98518  4.58477  3.61503
          0.02016  4.31005  5.03240  0.61958  0.77255  0.48576  0.95510
     57   3.00626  4.40531  4.80145  4.22074  3.10953  4.29347  4.63333  1.33949  4.07932  1.79002  2.14090  4.36697  4.57922  4.21578  4.17385  3.61722  3.28643  1.99317  5.08113  3.72247     64 i - - -
          2.68618  4.42225  2.77519  2.73123  3.46354  2.40513  3.72494  3.29354  2.67741  2.69355  4.24690  2.90347  2.73739  3.18146  2.89801  2.37887  2.77519  2.98518  4.58477  3.61503
          0.02016  4.31005  5.03240  0.61958  0.77255  0.48576  0.95510
     58   2.43010  4.29345  3.66315  3.09504  3.12620  3.26419  3.60044  2.76449  3.03034  2.49604  3.40198  3.26245  4.03800  3.20737  3.34378  2.91867  2.88468  2.44265  4.04651  1.93133     65 y - - -
          2.68618  4.42225  2.77519  2.73123  3.46354  2.40513  3.72494  3.29354  2.67741  2.69355  4.24690  2.90347  2.73739  3.18146  2.89801  2.37887  2.77519  2.98518  4.58477  3.61503
          0.02016  4.31005  5.03240  0.61958  0.77255  0.48576  0.95510
     59   2.70421  5.18903  2.79618  1.40776  4.50500  3.45662  3.68439  3.96285  2.25386  3.46983  4.24930  2.90601  3.88913  2.53081  2.77920  2.72559  3.00108  3.56713  5.62148  3.87625     66 e - - -
          2.68618  4.42225  2.77519  2.73123  3.46354  2.40513  3.72494  3.29354  2.67741  2.69355  4.24690  2.90347  2.73739  3.18146  2.89801  2.37887  2.77519  2.98518  4.58477  3.61503
          0.02016  4.31005  5.03240  0.61958  0.77255  0.48576  0.95510
     60   2.66618  4.83625  2.98911  2.32441  4.22212  1.92972  3.47724  3.65017  2.24896  3.22246  4.02370  2.89799  3.87293  2.80929  2.74932  2.66310  2.91482  3.30526  5.43288  3.53261     67 g - - -
          2.68618  4.42225  2.77519  2.73123  3.46354  2.40513  3.72494  3.29354  2.67741  2.69355  4.24690  2.90347  2.73739  3.18146  2.89801  2.37887  2.77519  2.98518  4.58477  3.61503
          0.02016  4.31005  5.03240  0.61958  0.77255  0.48576  0.95510
     61   3.30177  5.01066  4.06262  4.02717  5.11777  0.28984  5.09698  4.84715  4.26632  4.43587  5.43097  4.22927  4.41280  4.55661  4.43247  3.48950  3.81590  4.29034  6.07420  5.24210     68 G - - -
          2.68618  4.42225  2.77519  2.73123  3.46354  2.40513  3.72494  3.29354  2.67741  2.69355  4.24690  2.90347  2.73739  3.18146  2.89801  2.37887  2.77519  2.98518  4.58477  3.61503
          0.02016  4.31005  5.03240  0.61958  0.77255  0.48576  0.95510
     62   3.02678  4.37808  4.81685  4.22597  2.58198  4.24271  4.49006  1.50764  4.06830  1.45880  2.55752  4.28269  4.53005  4.17936  4.13161  3.56422  3.24153  2.16188  4.98615  3.85377     69 l - - -
          2.68618  4.42225  2.77519  2.73123  3.46354  2.40513  3.72494  3.29354  2.67741  2.69355  4.24690  2.90347  2.73739  3.18146  2.89801  2.37887  2.77519  2.98518  4.58477  3.61503
          0.02016  4.31005  5.03240  0.61958  0.77255  0.48576  0.95510
     63   2.07604  4.96575  2.71572  2.22400  3.68792  3.37437  3.62597  3.67939  2.33462  3.24053  3.92399  2.80998  3.84086  2.74814  2.88250  2.39584  2.63554  3.31800  5.44339  3.84704     70 a - - -
          2.68618  4.42225  2.77519  2.73123  3.46354  2.40513  3.72494  3.29354  2.67741  2.69355  4.24690  2.90347  2.73739  3.18146  2.89801  2.37887  2.77519  2.98518  4.58477  3.61503
          0.02016  4.31005  5.03240  0.61958  0.77255  0.48576  0.95510
     64   2.59820  4.96394  2.89129  2.40592  4.09019  2.79372  3.64610  3.67678  2.17886  3.22495  3.98604  2.25333  3.84215  2.74298  2.62604  2.63537  2.85561  3.31622  4.31081  3.50898     71 k - - -
          2.68618  4.42225  2.77519  2.73123  3.46354  2.40513  3.72494  3.29354  2.67741  2.69355  4.24690  2.90347  2.73739  3.18146  2.89801  2.37887  2.77519  2.98518  4.58477  3.61503
          0.02016  4.31005  5.03240  0.61958  0.77255  0.48576  0.95510
     65   2.71086  4.41725  3.66181  3.17128  3.46402  3.73319  4.01882  2.74969  3.00164  2.27454  1.51260  3.53630  4.12466  2.93531  3.29056  2.99649  3.00098  2.53897  5.00280  3.78163     72 m - - -
          2.68618  4.42225  2.77519  2.73123  3.46354  2.40513  3.72494  3.29354  2.67741  2.69355  4.24690  2.90347  2.73739  3.18146  2.89801  2.37887  2.77519  2.98518  4.58477  3.61503
          0.02016  4.31005  5.03240  0.61958  0.77255  0.48576  0.95510
     66   2.62682  4.49057  3.32230  2.78265  3.24498  3.57301  3.77617  3.02136  2.73963  2.49330  3.23392  2.53424  3.95528  3.06921  2.11697  2.80412  2.87534  2.76657  3.98129  3.52707     73 r - - -
          2.68618  4.42225  2.77519  2.73123  3.46354  2.40513  3.72494  3.29354  2.67741  2.69355  4.24690  2.90347  2.73739  3.18146  2.89801  2.37887  2.77519  2.98518  4.58477  3.61503
          0.02016  4.31005  5.03240  0.61958  0.77255  0.48576  0.95510
     67   2.53594  4.79152  2.76141  2.44818  3.88856  3.48330  3.34845  3.42491  2.35855  3.04353  3.86636  2.88634  3.87251  2.76108  2.88202  2.66542  2.86050  2.89650  4.27024  2.41919     74 k - - -
          2.68618  4.42225  2.77519  2.73123  3.46354  2.40513  3.72494  3.29354  2.67741  2.69355  4.24690  2.90347  2.73739  3.18146  2.89801  2.37887  2.77519  2.98518  4.58477  3.61503
          0.02016  4.31005  5.03240  0.61958  0.77255  0.48576  0.95510
     68   2.37919  4.86832  2.90751  2.47980  3.98997  3.32535  3.17143  3.56687  2.49176  3.16174  3.97033  2.87734  3.86463  2.84103  2.90058  1.70345  2.89062  3.16826  5.39482  4.02523     75 s - - -
          2.68618  4.42225  2.77519  2.73123  3.46354  2.40513  3.72494  3.29354  2.67741  2.69355  4.24690  2.90347  2.73739  3.18146  2.89801  2.37887  2.77519  2.98518  4.58477  3.61503
          0.02016  4.31005  5.03240  0.61958  0.77255  0.48576  0.95510
     69   2.73526  3.13410  4.36750  3.78662  3.28353  3.88497  3.53653  1.52555  3.63617  2.28467  3.27550  3.93675  4.25417  3.84891  3.77610  3.19339  2.97611  1.70401  4.85024  3.65444     76 i - - -
          2.68618  4.42225  2.77519  2.73123  3.46354  2.40513  3.72494  3.29354  2.67741  2.69355  4.24690  2.90347  2.73739  3.18146  2.89801  2.37887  2.77519  2.98518  4.58477  3.61503
          0.02016  4.31005  5.03240  0.61958  0.77255  0.48576  0.95510
     70   2.59328  4.50766  3.66035  3.52105  4.55682  3.23300  4.60457  4.15234  3.62702  3.84492  4.74647  3.65397  4.01217  3.94274  3.88105  0.58354  3.11009  3.58466  5.89577  4.65053     77 S - - -
          2.68618  4.42225  2.77519  2.73123  3.46354  2.40513  3.72494  3.29354  2.67741  2.69355  4.24690  2.90347  2.73739  3.18146  2.89801  2.37887  2.77519  2.98518  4.58477  3.61503
          0.02016  4.31005  5.03240  0.61958  0.77255  0.48576  0.95510
     71   2.91662  5.43522  1.76721  2.14641  4.75067  3.39113  3.80812  4.24499  2.70750  3.74380  4.54322  1.69235  3.93370  2.94793  3.25393  2.84005  2.47192  3.82014  5.90341  4.44524     78 n - - -
          2.68618  4.42225  2.77519  2.73123  3.46354  2.40513  3.72494  3.29354  2.67741  2.69355  4.24690  2.90347  2.73739  3.18146  2.89801  2.37887  2.77519  2.98518  4.58477  3.61503
          0.02016  4.31005  5.03240  0.61958  0.77255  0.48576  0.95510
     72   2.58734  4.54901  3.29080  3.04806  4.36042  3.27029  4.22483  3.73516  3.11294  3.46936  4.34626  2.63990  3.95585  3.47628  3.44568  2.73462  0.96310  3.31081  5.70525  4.42785     79 t - - -
          2.68618  4.42225  2.77519  2.73123  3.46354  2.40513  3.72494  3.29354  2.67741  2.69355  4.24690  2.90347  2.73739  3.18146  2.89801  2.37887  2.77519  2.98518  4.58477  3.61503
          0.02016  4.31005  5.03240  0.61958  0.77255  0.48576  0.95510
     73   0.71733  3.97355  4.06995  3.76739  4.47737  3.08403  4.62877  3.77465  3.70262  3.58054  4.43365  3.67367  3.87692  3.96953  3.92232  2.24646  2.86362  3.23810  5.87323  4.70536     80 a - - -
          2.68618  4.42225  2.77519  2.73123  3.46354  2.40513  3.72494  3.29354  2.67741  2.69355  4.24690  2.90347  2.73739  3.18146  2.89801  2.37887  2.77519  2.98518  4.58477  3.61503
          0.02016  4.31005  5.03240  0.61958  0.77255  0.48576  0.95510
     74   2.85507  5.26559  2.92873  1.46534  4.62703  3.52362  3.68865  4.06805  2.11376  3.50920  4.32467  2.99733  3.94295  2.32241  2.39131  2.81491  3.07442  3.67047  5.64757  4.30453     81 e - - -
          2.68618  4.42225  2.77519  2.73123  3.46354  2.40513  3.72494  3.29354  2.67741  2.69355  4.24690  2.90347  2.73739  3.18146  2.89801  2.37887  2.77519  2.98518  4.58477  3.61503
          0.02016  4.31005  5.03240  0.61958  0.77255  0.48576  0.95510
     75   3.47198  4.81658  4.59757  4.16284  1.79631  4.34878  3.63233  3.35396  4.00124  2.82721  3.95634  4.08612  4.67260  4.08365  2.98121  3.67072  3.69210  3.20018  3.07556  1.00145     82 y - - -
          2.68618  4.42225  2.77519  2.73123  3.46354  2.40513  3.72494  3.29354  2.67741  2.69355  4.24690  2.90347  2.73739  3.18146  2.89801  2.37887  2.77519  2.98518  4.58477  3.61503
          0.02016  4.31005  5.03240  0.61958  0.77255  0.48576  0.95510
     76   3.30177  5.01066  4.06262  4.02717  5.11777  0.28984  5.09698  4.84715  4.26632  4.43587  5.43097  4.22927  4.41280  4.55661  4.43247  3.48950  3.81590  4.29034  6.07420  5.24210     83 G - - -
          2.68618  4.42225  2.77519  2.73123  3.46354  2.40513  3.72494  3.29354  2.67741  2.69355  4.24690  2.90347  2.73739  3.18146  2.89801  2.37887  2.77519  2.98518  4.58477  3.61503
          0.02016  4.31005  5.03240  0.61958  0.77255  0.48576  0.95510
     77   2.41351  5.20688  1.88029  2.00029  4.53242  2.55344  3.70846  4.00556  2.51973  3.51804  4.18902  2.89143  3.87244  2.81282  3.02850  2.69734  2.75569  3.59423  5.68145  4.26770     84 d - - -
          2.68618  4.42225  2.77519  2.73123  3.46354  2.40513  3.72494  3.29354  2.67741  2.69355  4.24690  2.90347  2.73739  3.18146  2.89801  2.37887  2.77519  2.98518  4.58477  3.61503
          0.03906  4.31005  3.69376  0.61958  0.77255  0.48576  0.95510
     78   2.85479  4.26697  4.44580  3.86592  2.81873  3.98360  4.17483  2.34294  3.72172  1.63665  2.78553  4.00033  4.31682  3.88079  3.83906  3.28596  3.08290  2.36220  4.48673  1.81404     85 l - - -
          2.68618  4.42225  2.77519  2.73123  3.46354  2.40513  3.72494  3.29354  2.67741  2.69355  4.24690  2.90347  2.73739  3.18146  2.89801  2.37887  2.77519  2.98518  4.58477  3.61503
          0.02054  4.29153  5.01387  0.61958  0.77255  0.47006  0.98073
     79   2.62029  4.37371  3.05600  2.90871  3.51839  3.61536  3.85857  2.64144  2.87865  2.48312  3.40086  3.33303  3.99644  3.17673  3.23338  2.82713  2.11022  1.94901  4.96320  3.64836     86 v - - -
          2.68618  4.42225  2.77519  2.73123  3.46354  2.40513  3.72494  3.29354  2.67741  2.69355  4.24690  2.90347  2.73739  3.18146  2.89801  2.37887  2.77519  2.98518  4.58477  3.61503
          0.02016  4.31005  5.03240  0.61958  0.77255  0.48576  0.95510
     80   2.57651  4.62740  3.21113  2.64857  3.81918  3.52714  3.74845  3.16679  2.53139  2.86610  3.71964  3.04455  3.91514  2.95749  2.38291  2.22067  2.37734  2.65739  3.83426  3.88678     87 s - - -
          2.68618  4.42225  2.77519  2.73123  3.46354  2.40513  3.72494  3.29354  2.67741  2.69355  4.24690  2.90347  2.73739  3.18146  2.89801  2.37887  2.77519  2.98518  4.58477  3.61503
          0.03215  4.31005  4.00611  0.61958  0.77255  0.48576  0.95510
     81   2.48917  4.55646  3.27982  2.75856  3.82582  1.65991  3.83144  3.20345  2.70369  2.88048  3.28667  3.17686  3.93207  3.03889  2.98628  2.76129  2.74724  2.92633  5.19557  3.70210     88 g - - -
          2.68618  4.42225  2.77519  2.73123  3.46354  2.40513  3.72494  3.29354  2.67741  2.69355  4.24690  2.90347  2.73739  3.18146  2.89801  2.37887  2.77519  2.98518  4.58477  3.61503
          0.02040  4.29830  5.02065  0.61958  0.77255  0.50215  0.92945
     82   2.65428  4.85168  2.91636  2.47016  3.56146  3.43948  3.64463  3.50865  2.32740  3.11394  3.93269  2.97948  1.93970  2.84382  2.80856  2.63605  2.89017  3.16466  5.35821  4.02791     89 p - - -
          2.68618  4.42225  2.77519  2.73123  3.46354  2.40513  3.72494  3.29354  2.67741  2.69355  4.24690  2.90347  2.73739  3.18146  2.89801  2.37887  2.77519  2.98518  4.58477  3.61503
          0.02040  4.29830  5.02065  0.61958  0.77255  0.47565  0.97149
     83   2.71125  4.99464  3.06981  2.33582  3.97885  3.50453  3.66065  3.54516  2.02528  3.22637  3.85956  3.00530  3.88911  2.71436  1.76927  2.71734  2.86946  3.35521  5.44703  3.97146     90 r - - -
          2.68618  4.42225  2.77519  2.73123  3.46354  2.40513  3.72494  3.29354  2.67741  2.69355  4.24690  2.90347  2.73739  3.18146  2.89801  2.37887  2.77519  2.98518  4.58477  3.61503
          0.02016  4.31005  5.03240  0.61958  0.77255  0.48576  0.95510
     84   2.72793  4.14926  4.44086  3.85080  2.80178  3.91070  4.23264  1.83011  3.69877  2.10416  3.17390  3.97393  3.86838  3.87944  3.80863  3.21556  2.97906  1.52294  4.79441  3.17512     91 v - - -
          2.68618  4.42225  2.77519  2.73123  3.46354  2.40513  3.72494  3.29354  2.67741  2.69355  4.24690  2.90347  2.73739  3.18146  2.89801  2.37887  2.77519  2.98518  4.58477  3.61503
          0.02016  4.31005  5.03240  0.61958  0.77255  0.48576  0.95510
     85   2.67686  4.13615  4.17708  3.58924  3.21148  3.79519  4.10123  1.58519  3.20318  2.17179  3.00645  3.78701  4.15834  3.67686  3.44052  3.08593  2.90910  1.99975  4.76309  3.11906     92 i - - -
          2.68618  4.42225  2.77519  2.73123  3.46354  2.40513  3.72494  3.29354  2.67741  2.69355  4.24690  2.90347  2.73739  3.18146  2.89801  2.37887  2.77519  2.98518  4.58477  3.61503
          0.12973  4.31005  2.22342  0.61958  0.77255  0.48576  0.95510
     86   2.71345  5.10122  2.15825  2.31396  4.45259  3.00560  3.70809  3.91460  2.53194  3.45168  4.24144  2.36072  3.62058  2.84210  3.04472  2.67866  1.97660  3.51587  5.63508  4.23535     93 t - - -
          2.68618  4.42225  2.77520  2.73123  3.46354  2.40513  3.72495  3.29354  2.67741  2.69354  4.24690  2.90347  2.73740  3.18146  2.89801  2.37887  2.77520  2.98518  4.58477  3.61497
          0.03971  3.60000  4.45622  0.55810  0.84932  0.41004  1.08952
     87   2.36755  5.25670  2.11306  1.77144  4.57820  3.36191  3.64686  4.06376  2.42832  3.55336  4.31537  2.68342  3.18086  2.78579  2.98247  2.57859  2.99515  3.63691  5.69893  4.27392     95 e - - -
          2.68618  4.42225  2.77519  2.73123  3.46354  2.40513  3.72494  3.29354  2.67741  2.69355  4.24690  2.90347  2.73739  3.18146  2.89801  2.37887  2.77519  2.98518  4.58477  3.61503
          0.02024  4.30614  5.02849  0.61958  0.77255  0.49127  0.94636
     88   2.32658  5.09222  2.57324  1.90218  4.40695  3.25371  3.35098  3.87304  2.35536  3.12160  4.14201  2.86982  3.82572  2.55393  2.83597  2.51962  2.88128  3.28029  5.54281  4.12540     96 e - - -
          2.68618  4.42225  2.77519  2.73123  3.46354  2.40513  3.72494  3.29354  2.67741  2.69355  4.24690  2.90347  2.73739  3.18146  2.89801  2.37887  2.77519  2.98518  4.58477  3.61503
          0.02024  4.30614  5.02849  0.61958  0.77255  0.49127  0.94636
     89   2.55636  4.22406  3.67452  3.12607  3.55029  3.55551  3.99666  2.80795  3.06085  2.40775  3.51793  3.27260  4.01157  3.35861  3.38158  2.45553  1.96444  1.85819  5.01371  3.79137     97 v - - -
          2.68618  4.42225  2.77519  2.73123  3.46354  2.40513  3.72494  3.29354  2.67741  2.69355  4.24690  2.90347  2.73739  3.18146  2.89801  2.37887  2.77519  2.98518  4.58477  3.61503
          0.02024  4.30614  5.02849  0.61958  0.77255  0.48234  0.96061
     90   2.91685  5.28726  3.42160  2.64902  4.71395  3.72671  3.70479  4.07930  1.18333  3.52383  4.35545  3.22004  4.08837  2.82744  1.79186  3.03507  3.23146  3.73279  5.58678  4.10213     98 k - - -
          2.68618  4.42225  2.77519  2.73123  3.46354  2.40513  3.72494  3.29354  2.67741  2.69355  4.24690  2.90347  2.73739  3.18146  2.89801  2.37887  2.77519  2.98518  4.58477  3.61503
          0.02016  4.31005  5.03240  0.61958  0.77255  0.48576  0.95510
     91   2.27389  5.10292  2.84940  1.95802  4.42507  3.43256  3.62195  3.86311  1.99714  3.37931  4.09712  2.88608  3.34483  2.61376  2.70477  2.59474  2.87621  3.47127  5.46549  4.13247     99 e - - -
          2.68618  4.42225  2.77519  2.73123  3.46354  2.40513  3.72494  3.29354  2.67741  2.69355  4.24690  2.90347  2.73739  3.18146  2.89801  2.37887  2.77519  2.98518  4.58477  3.61503
          0.02016  4.31005  5.03240  0.61958  0.77255  0.48576  0.95510
     92   2.28805  4.94494  2.98893  2.07035  4.21451  3.34229  3.65317  3.28169  2.36922  3.19377  4.00862  2.65707  3.84823  2.77213  2.42135  2.62955  2.82388  2.94058  5.42651  4.07020    100 e - - -
          2.68618  4.42225  2.77519  2.73123  3.46354  2.40513  3.72494  3.29354  2.67741  2.69355  4.24690  2.90347  2.73739  3.18146  2.89801  2.37887  2.77519  2.98518  4.58477  3.61503
          0.02016  4.31005  5.03240  0.61958  0.77255  0.48576  0.95510
     93   3.09455  4.50966  4.56891  3.99886  2.75542  4.23602  4.36617  2.44100  3.86045  1.73500  1.28050  4.21775  4.52803  4.03301  4.01427  3.54846  3.32278  2.26878  4.94905  3.68259    101 m - - -
          2.68618  4.42225  2.77519  2.73123  3.46354  2.40513  3.72494  3.29354  2.67741  2.69355  4.24690  2.90347  2.73739  3.18146  2.89801  2.37887  2.77519  2.98518  4.58477  3.61503
          0.02016  4.31005  5.03240  0.61958  0.77255  0.48576  0.95510
     94   2.72389  5.15911  2.87517  2.30991  4.50596  3.38038  3.61777  3.96169  1.60856  3.44489  4.20749  2.81900  3.87073  2.49445  2.28536  2.69393  2.94677  3.55259  5.30571  4.10362    102 k - - -
          2.68618  4.42225  2.77519  2.73123  3.46354  2.40513  3.72494  3.29354  2.67741  2.69355  4.24690  2.90347  2.73739  3.18146  2.89801  2.37887  2.77519  2.98518  4.58477  3.61503
          0.02016  4.31005  5.03240  0.61958  0.77255  0.48576  0.95510
     95   2.44108  5.13593  2.60970  2.07495  4.46989  3.36406  3.61495  3.87869  2.01335  3.38551  4.18033  2.63093  3.81997  2.58151  2.59188  2.54725  2.87391  3.50789  5.57403  3.98515    103 k - - -
          2.68618  4.42225  2.77519  2.73123  3.46354  2.40513  3.72494  3.29354  2.67741  2.69355  4.24690  2.90347  2.73739  3.18146  2.89801  2.37887  2.77519  2.98518  4.58477  3.61503
          0.02016  4.31005  5.03240  0.61958  0.77255  0.48576  0.95510
     96   2.35405  3.77882  4.08345  3.14471  3.17627  3.74199  3.93354  1.99978  3.38095  2.12866  3.19495  3.71492  4.11095  3.54401  3.56907  2.99871  2.85240  1.80930  4.73895  3.50765    104 v - - -
          2.68618  4.42225  2.77519  2.73123  3.46354  2.40513  3.72494  3.29354  2.67741  2.69355  4.24690  2.90347  2.73739  3.18146  2.89801  2.37887  2.77519  2.98518  4.58477  3.61503
          0.02016  4.31005  5.03240  0.61958  0.77255  0.48576  0.95510
     97   2.49660  4.42890  4.17435  3.65017  3.17857  3.96699  4.23394  2.55793  3.49674  1.08089  3.27051  3.90586  4.33885  3.77241  3.70719  3.28725  3.16812  2.48252  4.86705  2.94050    105 l - - -
          2.68618  4.42225  2.77519  2.73123  3.46354  2.40513  3.72494  3.29354  2.67741  2.69355  4.24690  2.90347  2.73739  3.18146  2.89801  2.37887  2.77519  2.98518  4.58477  3.61503
          0.02016  4.31005  5.03240  0.61958  0.77255  0.48576  0.95510
     98   2.41920  5.11117  2.69864  2.14504  4.43745  3.33032  3.55829  3.88892  1.91915  3.36541  4.10330  2.83048  3.82114  2.62030  2.67261  2.54900  2.60554  3.47727  5.47658  4.10925    106 k - - -
          2.68618  4.42225  2.77519  2.73123  3.46354  2.40513  3.72494  3.29354  2.67741  2.69355  4.24690  2.90347  2.73739  3.18146  2.89801  2.37887  2.77519  2.98518  4.58477  3.61503
          0.02016  4.31005  5.03240  0.61958  0.77255  0.48576  0.95510
     99   2.65805  5.14284  2.13362  1.97989  4.46873  3.40614  3.63110  3.94298  2.31496  3.43869  4.10390  2.79324  3.83125  2.71993  2.43809  2.53602  2.90529  3.52367  5.58416  3.63385    107 e - - -
          2.68618  4.42225  2.77519  2.73123  3.46354  2.40513  3.72494  3.29354  2.67741  2.69355  4.24690  2.90347  2.73739  3.18146  2.89801  2.37887  2.77519  2.98518  4.58477  3.61503
          0.02016  4.31005  5.03240  0.61958  0.77255  0.48576  0.95510
    100   3.24705  4.53865  5.07446  4.59062  3.78330  4.63779  5.29114  0.87294  4.47976  2.27488  3.56725  4.77168  4.95304  4.74227  4.65987  4.04016  3.29811  1.44937  5.76942  4.57025    108 i - - -
          2.68618  4.42225  2.77519  2.73123  3.46354  2.40513  3.72494  3.29354  2.67741  2.69355  4.24690  2.90347  2.73739  3.18146  2.89801  2.37887  2.77519  2.98518  4.58477  3.61503
          0.02016  4.31005  5.03240  0.61958  0.77255  0.48576  0.95510
    101   2.83701  5.08573  3.18856  2.50132  4.39782  3.58866  3.68452  3.81134  2.03334  3.33704  4.15139  3.09340  3.96790  1.52269  2.41268  2.83904  3.04566  3.46888  3.99691  4.19131    109 q - - -
          2.68618  4.42225  2.77519  2.73123  3.46354  2.40513  3.72494  3.29354  2.67741  2.69355  4.24690  2.90347  2.73739  3.18146  2.89801  2.37887  2.77519  2.98518  4.58477  3.61503
          0.02016  4.31005  5.03240  0.61958  0.77255  0.48576  0.95510
    102   2.75426  5.23321  2.01537  2.29067  4.55213  3.36485  3.69963  4.03046  2.45167  3.53300  4.30296  2.17272  3.87051  2.75375  2.99311  2.20098  2.57032  3.61420  5.68896  4.27092    110 d - - -
          2.68618  4.42225  2.77517  2.73124  3.46354  2.40511  3.72495  3.29354  2.67739  2.69355  4.24690  2.90347  2.73740  3.18147  2.89801  2.37887  2.77520  2.98519  4.58477  3.61503
          0.02828  3.84643  5.03240  0.67668  0.70989  0.48576  0.95510
    103   2.64588  4.63926  3.67034  3.60754  4.84536  0.51494  4.76982  4.37630  3.84653  4.06531  4.97639  3.77106  4.11234  4.12287  4.08599  2.93755  3.28388  3.78414  6.05306  4.96467    114 G - - -
          2.68618  4.42225  2.77519  2.73123  3.46354  2.40513  3.72494  3.29354  2.67741  2.69355  4.24690  2.90347  2.73739  3.18146  2.89801  2.37887  2.77519  2.98518  4.58477  3.61503
          0.02016  4.31005  5.03240  0.61958  0.77255  0.48576  0.95510
    104   2.50434  5.09715  2.81797  2.04851  4.41661  3.42976  3.59449  3.82892  2.08928  3.39065  4.14598  2.77603  3.82559  2.67327  2.68864  2.37148  2.42353  3.38611  5.54477  4.15125    115 e - - -
          2.68618  4.42225  2.77519  2.73123  3.46354  2.40513  3.72494  3.29354  2.67741  2.69355  4.24690  2.90347  2.73739  3.18146  2.89801  2.37887  2.77519  2.98518  4.58477  3.61503
          0.02016  4.31005  5.03240  0.61958  0.77255  0.48576  0.95510
    105   3.16598  4.66945  4.06321  2.87844  1.07981  4.06936  3.78237  3.12110  3.55835  2.67642  3.74856  3.82304  4.43677  3.77130  3.78244  3.38999  3.39754  2.96321  4.15737  2.14890    116 f - - -
          2.68618  4.42225  2.77519  2.73123  3.46354  2.40513  3.72494  3.29354  2.67741  2.69355  4.24690  2.90347  2.73739  3.18146  2.89801  2.37887  2.77519  2.98518  4.58477  3.61503
          0.02016  4.31005  5.03240  0.61958  0.77255  0.48576  0.95510
    106   1.13171  4.29131  3.67983  3.21571  4.05962  3.26129  4.19315  3.36829  3.12804  3.12637  3.99096  3.29880  3.87937  3.47914  3.50206  2.56200  2.26715  2.67217  5.45633  4.23466    117 a - - -
          2.68618  4.42225  2.77519  2.73123  3.46354  2.40513  3.72494  3.29354  2.67741  2.69355  4.24690  2.90347  2.73739  3.18146  2.89801  2.37887  2.77519  2.98518  4.58477  3.61503
          0.02016  4.31005  5.03240  0.61958  0.77255  0.48576  0.95510
    107   2.77450  5.19824  2.94416  2.34672  4.55720  3.51818  3.59877  3.99912  1.49780  3.45915  4.25121  2.78042  3.91255  2.71645  2.17756  2.66266  2.95554  3.59989  5.59090  4.24713    118 k - - -
          2.68618  4.42225  2.77519  2.73123  3.46354  2.40513  3.72494  3.29354  2.67741  2.69355  4.24690  2.90347  2.73739  3.18146  2.89801  2.37887  2.77519  2.98518  4.58477  3.61503
          0.02016  4.31005  5.03240  0.61958  0.77255  0.48576  0.95510
    108   2.64019  5.14956  2.45491  1.83672  4.48148  3.34476  3.60173  3.95905  2.27679  3.44803  3.81357  2.65347  3.82668  2.68515  2.45953  2.53753  2.89908  3.53350  5.58777  4.18303    119 e - - -
          2.68618  4.42225  2.77519  2.73123  3.46354  2.40513  3.72494  3.29354  2.67741  2.69355  4.24690  2.90347  2.73739  3.18146  2.89801  2.37887  2.77519  2.98518  4.58477  3.61503
          0.02016  4.31005  5.03240  0.61958  0.77255  0.48576  0.95510
    109   2.97116  4.38856  4.40208  3.86980  1.67326  4.01608  3.89170  2.80747  3.72024  2.31414  3.39551  3.94298  4.36869  3.87767  3.84902  2.90486  3.20232  2.55005  1.93294  2.68954    120 f - - -
          2.68618  4.42225  2.77519  2.73123  3.46354  2.40513  3.72494  3.29354  2.67741  2.69355  4.24690  2.90347  2.73739  3.18146  2.89801  2.37887  2.77519  2.98518  4.58477  3.61503
          0.02016  4.31005  5.03240  0.61958  0.77255  0.48576  0.95510
    110   2.78167  4.22124  4.54597  3.96520  3.30945  4.04308  4.39916  1.60021  3.82392  1.87511  2.70582  4.10472  4.38442  4.01514  3.94722  3.13392  2.90754  1.66385  4.96413  3.78401    121 i - - -
          2.68618  4.42225  2.77519  2.73123  3.46354  2.40513  3.72494  3.29354  2.67741  2.69355  4.24690  2.90347  2.73739  3.18146  2.89801  2.37887  2.77519  2.98518  4.58477  3.61503
          0.02296  4.31005  4.68162  0.61958  0.77255  0.48576  0.95510
    111   2.40157  4.93011  2.75818  2.15633  4.19186  3.45589  3.64610  3.59841  2.33366  2.25951  3.90202  2.87221  3.85060  2.63814  2.91027  2.54779  2.84591  3.22978  5.41581  4.06182    122 e - - -
          2.68618  4.42225  2.77519  2.73123  3.46354  2.40513  3.72494  3.29354  2.67741  2.69355  4.24690  2.90347  2.73739  3.18146  2.89801  2.37887  2.77519  2.98518  4.58477  3.61503
          0.02021  4.30731  5.02965  0.61958  0.77255  0.48963  0.94895
    112   2.70917  5.12270  2.40910  1.48348  4.10027  3.42687  3.67140  3.87935  2.43261  3.40744  4.18311  2.81949  3.85613  2.79227  2.95066  2.65913  2.94632  3.33838  5.57803  3.76488    123 e - - -
          2.68619  4.42223  2.77521  2.73125  3.46355  2.40514  3.72496  3.29355  2.67742  2.69356  4.24685  2.90327  2.73741  3.18147  2.89802  2.37888  2.77521  2.98520  4.58478  3.61497
          0.09551  2.47039  5.02965  0.39827  1.11316  0.48963  0.94895
    113   2.56828  4.12690  3.01622  2.49810  3.92202  3.15979  3.62227  3.45829  2.41857  3.06972  3.87829  2.29318  3.86615  2.54834  2.86822  2.45776  2.83307  2.99459  5.07174  3.17775    129 n - - -
          2.68618  4.42225  2.77519  2.73123  3.46354  2.40513  3.72494  3.29354  2.67741  2.69355  4.24690  2.90347  2.73739  3.18146  2.89801  2.37887  2.77519  2.98518  4.58477  3.61503
          0.02021  4.30731  5.02965  0.61958  0.77255  0.48963  0.94895
    114   2.38056  5.11542  2.71942  2.19223  4.44353  3.25330  3.53352  3.83251  2.06708  3.41265  3.83163  2.77117  3.81948  2.25659  2.69953  2.54764  2.87534  3.47864  5.55750  4.15831    130 k - - -
          2.68618  4.42225  2.77519  2.73123  3.46354  2.40513  3.72494  3.29354  2.67741  2.69355  4.24690  2.90347  2.73739  3.18146  2.89801  2.37887  2.77519  2.98518  4.58477  3.61503
          0.02021  4.30731  5.02965  0.61958  0.77255  0.48335  0.95897
    115   1.95992  4.80299  3.03430  2.49855  4.03951  3.25407  3.67754  3.43668  2.43453  2.92450  3.88490  2.81909  3.31891  2.84131  2.77962  2.52534  2.72498  2.81519  5.32016  3.99410    131 a - - -
          2.68618  4.42225  2.77519  2.73123  3.46354  2.40513  3.72494  3.29354  2.67741  2.69355  4.24690  2.90347  2.73739  3.18146  2.89801  2.37887  2.77519  2.98518  4.58477  3.61503
          0.02016  4.31005  5.03240  0.61958  0.77255  0.48576  0.95510
    116   2.79043  5.19180  2.36197  2.38966  4.67724  1.42686  3.87558  4.15624  2.80408  3.70217  4.52324  2.10284  3.94601  3.06280  3.30837  2.80681  3.17294  3.72837  5.88805  4.47139    132 g - - -
          2.68618  4.42225  2.77519  2.73123  3.46354  2.40513  3.72494  3.29354  2.67741  2.69355  4.24690  2.90347  2.73739  3.18146  2.89801  2.37887  2.77519  2.98518  4.58477  3.61503
          0.02016  4.31005  5.03240  0.61958  0.77255  0.48576  0.95510
    117   2.33433  4.61687  3.13973  2.60199  3.54911  3.32239  3.62315  3.22547  2.46574  2.80046  3.53700  2.96726  3.89972  2.76126  2.51620  2.65498  2.87055  2.96083  5.20236  2.66180    133 a - - -
          2.68619  4.42226  2.77521  2.73124  3.46355  2.40514  3.72496  3.29355  2.67741  2.69351  4.24691  2.90348  2.73741  3.18145  2.89786  2.37888  2.77521  2.98519  4.58478  3.61504
          0.08625  2.57551  5.03240  0.38343  1.14420  0.48576  0.95510
    118   2.48287  5.01024  2.82858  2.21119  4.30229  3.43084  3.68712  3.70220  2.27476  3.27524  4.09494  2.92187  1.97964  2.81329  2.93131  2.67210  2.84782  3.32761  5.50253  4.13858    135 p - - -
          2.68618  4.42225  2.77519  2.73123  3.46354  2.40513  3.72494  3.29354  2.67741  2.69355  4.24690  2.90347  2.73739  3.18146  2.89801  2.37887  2.77519  2.98518  4.58477  3.61503
          0.02016  4.31005  5.03240  0.61958  0.77255  0.48576  0.95510
    119   2.58674  4.99118  2.93099  2.22210  4.05539  3.32864  3.40569  3.71943  2.21781  3.15673  3.98006  2.70272  3.83588  2.68674  2.59011  2.44872  2.55925  2.85529  5.37632  4.02498    136 k - - -
          2.68618  4.42225  2.77519  2.73123  3.46354  2.40513  3.72494  3.29354  2.67741  2.69355  4.24690  2.90347  2.73739  3.18146  2.89801  2.37887  2.77519  2.98518  4.58477  3.61503
          0.02016  4.31005  5.03240  0.61958  0.77255  0.48576  0.95510
    120   2.83056  4.23316  4.49034  3.90494  1.93984  3.96897  4.15760  2.47879  3.71235  1.53967  2.63980  4.01444  4.30552  3.90050  3.84499  3.24846  3.05924  2.33947  4.66595  2.84584    137 l - - -
          2.68618  4.42225  2.77519  2.73123  3.46354  2.40513  3.72494  3.29354  2.67741  2.69355  4.24690  2.90347  2.73739  3.18146  2.89801  2.37887  2.77519  2.98518  4.58477  3.61503
          0.02016  4.31005  5.03240  0.61958  0.77255  0.48576  0.95510
    121   2.62527  5.05297  2.80999  2.20855  4.31570  3.43462  3.49853  3.73443  2.02825  3.18497  4.10462  2.52638  3.79425  2.68933  2.76203  2.59567  2.51381  3.29820  5.50994  3.44608    138 k - - -
          2.68618  4.42225  2.77519  2.73123  3.46354  2.40513  3.72494  3.29354  2.67741  2.69355  4.24690  2.90347  2.73739  3.18146  2.89801  2.37887  2.77519  2.98518  4.58477  3.61503
          0.02016  4.31005  5.03240  0.61958  0.77255  0.48576  0.95510
    122   2.00475  5.06912  2.89688  2.26973  4.37891  3.26857  3.63741  3.83429  2.04488  3.35713  4.12526  2.82239  3.84122  2.68140  2.57024  2.50897  2.77837  3.43261  5.52391  4.14418    139 a - - -
          2.68618  4.42225  2.77519  2.73123  3.46354  2.40513  3.72494  3.29354  2.67741  2.69355  4.24690  2.90347  2.73739  3.18146  2.89801  2.37887  2.77519  2.98518  4.58477  3.61503
          0.02016  4.31005  5.03240  0.61958  0.77255  0.48576  0.95510
    123   2.61646  4.27764  3.46772  2.50641  3.41191  3.38679  3.80477  2.72033  2.78052  2.04473  2.94752  3.27889  3.98075  3.11055  2.91991  2.78603  2.69200  2.64485  4.85111  3.25946    140 l - - -
          2.68618  4.42225  2.77519  2.73123  3.46354  2.40513  3.72494  3.29354  2.67741  2.69355  4.24690  2.90347  2.73739  3.18146  2.89801  2.37887  2.77519  2.98518  4.58477  3.61503
          0.02016  4.31005  5.03240  0.61958  0.77255  0.48576  0.95510
    124   2.68714  4.64906  3.28861  2.66761  3.83997  3.57075  3.75566  3.22017  2.42567  2.49696  3.37712  3.08854  3.95051  2.89356  1.78942  2.80257  2.85849  2.91030  4.02168  3.90571    141 r - - -
          2.68618  4.42225  2.77519  2.73123  3.46354  2.40513  3.72494  3.29354  2.67741  2.69355  4.24690  2.90347  2.73739  3.18146  2.89801  2.37887  2.77519  2.98518  4.58477  3.61503
          0.02016  4.31005  5.03240  0.61958  0.77255  0.48576  0.95510
    125   2.49730  5.15910  2.62722  1.95440  4.49417  3.40483  3.62897  3.96924  2.07717  3.45601  4.20604  2.87744  3.83538  2.64132  2.25418  2.56081  2.86365  3.53276  5.59279  4.19268    142 e - - -
          2.68618  4.42225  2.77519  2.73123  3.46354  2.40513  3.72494  3.29354  2.67741  2.69355  4.24690  2.90347  2.73739  3.18146  2.89801  2.37887  2.77519  2.98518  4.58477  3.61503
          0.02016  4.31005  5.03240  0.61958  0.77255  0.48576  0.95510
    126   2.36890  4.96093  2.96160  2.12542  4.23473  3.43095  3.64661  3.42184  2.22912  2.69234  3.86699  2.80241  3.80212  2.56352  2.70008  2.58992  2.73199  3.28174  5.43818  4.06237    143 e - - -
          2.68618  4.42225  2.77519  2.73123  3.46354  2.40513  3.72494  3.29354  2.67741  2.69355  4.24690  2.90347  2.73739  3.18146  2.89801  2.37887  2.77519  2.98518  4.58477  3.61503
          0.02016  4.31005  5.03240  0.61958  0.77255  0.48576  0.95510
    127   2.35006  4.80961  2.79903  2.20395  4.07055  3.29724  3.65656  3.01187  2.47982  2.86979  3.70017  2.54994  3.86290  2.73877  2.94283  2.66561  2.78534  2.96906  5.17378  3.64010    144 e - - -
          2.68618  4.42225  2.77519  2.73123  3.46354  2.40513  3.72494  3.29354  2.67741  2.69355  4.24690  2.90347  2.73739  3.18146  2.89801  2.37887  2.77519  2.98518  4.58477  3.61503
          0.02016  4.31005  5.03240  0.61958  0.77255  0.48576  0.95510
    128   2.18680  5.08693  2.73140  2.22434  4.40429  3.27467  3.49892  3.82900  2.17564  3.29901  4.11599  2.79305  3.82246  2.59972  2.59433  2.43757  2.77078  3.29902  5.53621  4.10100    145 k - - -
          2.68618  4.42225  2.77519  2.73123  3.46354  2.40513  3.72494  3.29354  2.67741  2.69355  4.24690  2.90347  2.73739  3.18146  2.89801  2.37887  2.77519  2.98518  4.58477  3.61503
          0.02016  4.31005  5.03240  0.61958  0.77255  0.48576  0.95510
    129   2.43441  5.16796  2.70278  1.83437  4.49322  3.21790  3.56468  3.94320  2.35882  3.44748  4.21791  2.33394  3.83713  2.50089  2.85809  2.55241  2.87477  3.53679  5.60976  4.20179    146 e - - -
          2.68618  4.42225  2.77519  2.73123  3.46354  2.40513  3.72494  3.29354  2.67741  2.69355  4.24690  2.90347  2.73739  3.18146  2.89801  2.37887  2.77519  2.98518  4.58477  3.61503
          0.02016  4.31005  5.03240  0.61958  0.77255  0.48576  0.95510
    130   2.66257  4.70831  3.14310  2.57182  3.91852  3.45370  1.97049  3.31547  2.54295  2.68932  3.62874  3.09818  3.83299  2.90722  2.95913  2.38067  2.78784  3.00895  5.24042  3.94247    147 h - - -
          2.68618  4.42225  2.77519  2.73123  3.46354  2.40513  3.72494  3.29354  2.67741  2.69355  4.24690  2.90347  2.73739  3.18146  2.89801  2.37887  2.77519  2.98518  4.58477  3.61503
          0.02016  4.31005  5.03240  0.61958  0.77255  0.48576  0.95510
    131   2.63593  5.04423  2.91848  2.03329  4.34237  3.32332  3.58484  3.79306  2.30977  2.85917  4.06367  2.93430  2.67048  2.32495  2.80697  2.63263  2.84385  3.40989  5.50349  4.12782    148 e - - -
          2.68618  4.42225  2.77519  2.73123  3.46354  2.40513  3.72494  3.29354  2.67741  2.69355  4.24690  2.90347  2.73739  3.18146  2.89801  2.37887  2.77519  2.98518  4.58477  3.61503
          0.02016  4.31005  5.03240  0.61958  0.77255  0.48576  0.95510
    132   2.85416  4.27553  4.38385  3.47700  3.34387  4.02513  4.35578  1.26350  3.67360  2.03804  2.81903  4.01795  4.36512  3.90183  3.84910  3.27969  3.08879  2.00881  4.98723  3.69893    149 i - - -
          2.68618  4.42225  2.77519  2.73123  3.46354  2.40513  3.72494  3.29354  2.67741  2.69355  4.24690  2.90347  2.73739  3.18146  2.89801  2.37887  2.77519  2.98518  4.58477  3.61503
          0.02016  4.31005  5.03240  0.61958  0.77255  0.48576  0.95510
    133   2.53896  4.93548  2.92680  1.34462  4.12069  3.48435  3.75044  3.60889  2.54651  3.20946  4.04828  2.99945  3.92749  2.91172  2.97826  2.77961  2.99686  3.28887  3.71407  4.04412    150 e - - -
          2.68618  4.42225  2.77519  2.73123  3.46354  2.40513  3.72494  3.29354  2.67741  2.69355  4.24690  2.90347  2.73739  3.18146  2.89801  2.37887  2.77519  2.98518  4.58477  3.61503
          0.02016  4.31005  5.03240  0.61958  0.77255  0.48576  0.95510
    134   2.54475  5.04050  2.94322  2.15298  4.34137  3.43059  3.63584  3.57526  1.87422  3.32312  4.09570  2.93878  3.84162  2.33525  2.78322  2.60039  2.74495  3.02590  5.49777  4.12470    151 k - - -
          2.68618  4.42225  2.77519  2.73123  3.46354  2.40513  3.72494  3.29354  2.67741  2.69355  4.24690  2.90347  2.73739  3.18146  2.89801  2.37887  2.77519  2.98518  4.58477  3.61503
          0.02016  4.31005  5.03240  0.61958  0.77255  0.48576  0.95510
    135   2.37296  4.35445  4.43838  3.91252  3.67554  4.03755  4.61605  1.90138  3.81672  2.46962  3.56284  4.12299  4.46568  4.08256  4.04383  3.38788  2.62266  1.09110  5.35077  4.14348    152 v - - -
          2.68618  4.42225  2.77519  2.73123  3.46354  2.40513  3.72494  3.29354  2.67741  2.69355  4.24690  2.90347  2.73739  3.18146  2.89801  2.37887  2.77519  2.98518  4.58477  3.61503
          0.02016  4.31005  5.03240  0.61958  0.77255  0.48576  0.95510
    136   2.99974  5.02467  2.92396  2.41788  4.81630  0.73193  4.30736  4.31585  3.26101  3.92985  4.82564  3.32296  4.12273  3.54582  3.65727  3.06502  3.40554  3.86116  5.98728  4.75732    153 g - - -
          2.68618  4.42225  2.77519  2.73123  3.46354  2.40513  3.72494  3.29354  2.67741  2.69355  4.24690  2.90347  2.73739  3.18146  2.89801  2.37887  2.77519  2.98518  4.58477  3.61503
          0.02016  4.31005  5.03240  0.61958  0.77255  0.48576  0.95510
    137   2.16741  5.09348  2.89580  2.13435  4.41228  3.28452  3.63085  3.84357  1.92703  3.37517  4.14608  2.85116  3.69577  2.72170  2.54550  2.54876  2.87708  3.44759  5.54106  4.15573    154 k - - -
          2.68618  4.42225  2.77519  2.73123  3.46354  2.40513  3.72494  3.29354  2.67741  2.69355  4.24690  2.90347  2.73739  3.18146  2.89801  2.37887  2.77519  2.98518  4.58477  3.61503
          0.02016  4.31005  5.03240  0.61958  0.77255  0.48576  0.95510
    138   2.55218  5.10398  2.82870  1.90723  4.28611  3.33881  3.61980  3.67734  1.93927  3.39818  4.15152  2.84910  3.79882  2.57205  2.63072  2.60217  2.86334  3.36223  5.54836  4.15440    155 e - - -
          2.68618  4.42225  2.77519  2.73123  3.46354  2.40513  3.72494  3.29354  2.67741  2.69355  4.24690  2.90347  2.73739  3.18146  2.89801  2.37887  2.77519  2.98518  4.58477  3.61503
          0.02016  4.31005  5.03240  0.61958  0.77255  0.48576  0.95510
    139   3.49336  4.77462  5.21277  4.64637  3.25141  4.82004  5.15509  2.03678  4.51643  0.77150  2.78251  4.88147  4.96477  4.56879  4.59599  4.18078  3.71349  1.99667  5.38008  4.35180    156 l - - -
          2.68618  4.42225  2.77519  2.73123  3.46354  2.40513  3.72494  3.29354  2.67741  2.69355  4.24690  2.90347  2.73739  3.18146  2.89801  2.37887  2.77519  2.98518  4.58477  3.61503
          0.02016  4.31005  5.03240  0.61958  0.77255  0.48576  0.95510
    140   3.13246  5.15573  3.62727  2.96720  4.29520  3.80402  3.76645  3.86780  2.05568  3.37057  4.26569  3.36270  4.17393  2.94032  1.00328  3.16398  3.31202  3.58397  5.39545  3.33377    157 r - - -
          2.68618  4.42225  2.77519  2.73123  3.46354  2.40513  3.72494  3.29354  2.67741  2.69355  4.24690  2.90347  2.73739  3.18146  2.89801  2.37887  2.77519  2.98518  4.58477  3.61503
          0.02016  4.31005  5.03240  0.61958  0.77255  0.48576  0.95510
    141   2.14518  5.10557  2.60248  2.22870  4.42418  3.12762  3.63359  3.85680  2.00887  3.40066  4.13175  2.88093  3.79517  2.73360  2.81088  2.32523  2.87125  3.48311  5.55762  4.16265    158 k - - -
          2.68618  4.42225  2.77519  2.73123  3.46354  2.40513  3.72494  3.29354  2.67741  2.69355  4.24690  2.90347  2.73739  3.18146  2.89801  2.37887  2.77519  2.98518  4.58477  3.61503
          0.02016  4.31005  5.03240  0.61958  0.77255  0.48576  0.95510
    142   2.56394  4.20011  3.95954  3.38019  3.27103  3.74347  4.03558  2.47444  3.15839  1.83809  1.90314  3.61110  3.79206  3.51049  3.43985  3.02356  2.89271  2.40847  4.80912  3.61308    159 l - - -
          2.68618  4.42225  2.77519  2.73123  3.46354  2.40513  3.72494  3.29354  2.67741  2.69355  4.24690  2.90347  2.73739  3.18146  2.89801  2.37887  2.77519  2.98518  4.58477  3.61503
          0.02016  4.31005  5.03240  0.61958  0.77255  0.48576  0.95510
    143   2.65314  3.86322  4.14562  3.55773  2.68862  3.77176  4.07139  2.44424  3.42845  2.08298  1.82942  3.75922  4.13593  3.64680  3.08472  2.99905  2.89541  2.34811  4.73317  3.46307    160 m - - -
          2.68618  4.42225  2.77519  2.73123  3.46354  2.40513  3.72494  3.29354  2.67741  2.69355  4.24690  2.90347  2.73739  3.18146  2.89801  2.37887  2.77519  2.98518  4.58477  3.61503
          0.03040  4.31005  4.10399  0.61958  0.77255  0.48576  0.95510
    144   2.54739  4.67813  3.04707  2.46994  3.86822  3.13012  3.67386  3.49305  2.45301  3.07086  3.91342  2.90415  2.27045  2.77215  2.83346  2.28341  2.83316  3.11131  5.34485  4.01331    161 p - - -
          2.68618  4.42225  2.77519  2.73123  3.46354  2.40513  3.72494  3.29354  2.67741  2.69355  4.24690  2.90347  2.73739  3.18146  2.89801  2.37887  2.77519  2.98518  4.58477  3.61503
          0.02036  4.30002  5.02236  0.61958  0.77255  0.47709  0.96912
    145   2.64637  4.32441  3.42364  2.59330  2.99806  3.47197  3.59953  2.95025  2.72034  2.55014  3.53355  3.28606  3.97518  3.03738  2.83318  2.81943  2.87689  2.71549  2.24560  3.73770    162 w - - -
          2.68618  4.42225  2.77519  2.73123  3.46354  2.40513  3.72494  3.29354  2.67741  2.69355  4.24690  2.90347  2.73739  3.18146  2.89801  2.37887  2.77519  2.98518  4.58477  3.61503
          0.02250  4.31005  4.73081  0.61958  0.77255  0.48576  0.95510
    146   2.61245  4.47159  3.34959  2.68348  3.53617  3.27825  3.64777  2.29075  2.51525  2.30872  3.56831  2.83144  3.75446  3.01290  3.12471  2.76758  2.81272  2.50472  5.03686  3.78047    163 i - - -
          2.68618  4.42225  2.77516  2.73123  3.46354  2.40513  3.72495  3.29354  2.67741  2.69355  4.24690  2.90347  2.73740  3.18146  2.89801  2.37887  2.77520  2.98518  4.58477  3.61503
          0.02391  3.74546        *  0.56377  0.84179  0.00000        *
//
